--2015-12-08 10:39:14--  http://www.lipidmaps.org/data/LMSDRecord.php?Mode=File&LMID=LMPR01070129
Resolving wel-cache (wel-cache)... 130.123.108.22
Connecting to wel-cache (wel-cache)|130.123.108.22|:8080... connected.
Proxy request sent, awaiting response... 200 OK
Length: unspecified [text/html]
Saving to: ‘LMPR01070129.mol’

     0K ...                                                    1009K=0.004s

2015-12-08 10:39:14 (1009 KB/s) - ‘LMPR01070129.mol’ saved [3742]

--2015-12-08 10:39:29--  http://www.lipidmaps.org/data/LMSDRecord.php?Mode=File&LMID=LMPK12112476
Resolving wel-cache (wel-cache)... 130.123.108.22
Connecting to wel-cache (wel-cache)|130.123.108.22|:8080... connected.
Proxy request sent, awaiting response... 200 OK
Length: unspecified [text/html]
Saving to: ‘LMPK12112476.mol’

     0K ...                                                    1.05M=0.003s

2015-12-08 10:39:30 (1.05 MB/s) - ‘LMPK12112476.mol’ saved [3646]

--2015-12-08 10:39:45--  http://www.lipidmaps.org/data/LMSDRecord.php?Mode=File&LMID=LMFA01030838
Resolving wel-cache (wel-cache)... 130.123.108.22
Connecting to wel-cache (wel-cache)|130.123.108.22|:8080... connected.
Proxy request sent, awaiting response... 200 OK
Length: unspecified [text/html]
Saving to: ‘LMFA01030838.mol’

     0K ..                                                      890K=0.003s

2015-12-08 10:39:45 (890 KB/s) - ‘LMFA01030838.mol’ saved [2638]

--2015-12-08 10:40:00--  http://www.lipidmaps.org/data/LMSDRecord.php?Mode=File&LMID=LMGP03010903
Resolving wel-cache (wel-cache)... 130.123.108.22
Connecting to wel-cache (wel-cache)|130.123.108.22|:8080... connected.
Proxy request sent, awaiting response... 200 OK
Length: unspecified [text/html]
Saving to: ‘LMGP03010903.mol’

     0K .....                                                   585K=0.009s

2015-12-08 10:40:01 (585 KB/s) - ‘LMGP03010903.mol’ saved [5276]

--2015-12-08 10:40:16--  http://www.lipidmaps.org/data/LMSDRecord.php?Mode=File&LMID=LMFA01030524
Resolving wel-cache (wel-cache)... 130.123.108.22
Connecting to wel-cache (wel-cache)|130.123.108.22|:8080... connected.
Proxy request sent, awaiting response... 200 OK
Length: unspecified [text/html]
Saving to: ‘LMFA01030524.mol’

     0K .                                                       670K=0.003s

2015-12-08 10:40:16 (670 KB/s) - ‘LMFA01030524.mol’ saved [1902]

--2015-12-08 10:40:31--  http://www.lipidmaps.org/data/LMSDRecord.php?Mode=File&LMID=LMGL05010027
Resolving wel-cache (wel-cache)... 130.123.108.22
Connecting to wel-cache (wel-cache)|130.123.108.22|:8080... connected.
Proxy request sent, awaiting response... 200 OK
Length: unspecified [text/html]
Saving to: ‘LMGL05010027.mol’

     0K .....                                                   563K=0.009s

2015-12-08 10:40:32 (563 KB/s) - ‘LMGL05010027.mol’ saved [5166]

--2015-12-08 10:40:47--  http://www.lipidmaps.org/data/LMSDRecord.php?Mode=File&LMID=LMFA07010909
Resolving wel-cache (wel-cache)... 130.123.108.22
Connecting to wel-cache (wel-cache)|130.123.108.22|:8080... connected.
Proxy request sent, awaiting response... 200 OK
Length: unspecified [text/html]
Saving to: ‘LMFA07010909.mol’

     0K .                                                       575K=0.002s

2015-12-08 10:40:47 (575 KB/s) - ‘LMFA07010909.mol’ saved [1166]

--2015-12-08 10:41:02--  http://www.lipidmaps.org/data/LMSDRecord.php?Mode=File&LMID=LMPK12110743
Resolving wel-cache (wel-cache)... 130.123.108.22
Connecting to wel-cache (wel-cache)|130.123.108.22|:8080... connected.
Proxy request sent, awaiting response... 200 OK
Length: unspecified [text/html]
Saving to: ‘LMPK12110743.mol’

     0K ...                                                     434K=0.009s

2015-12-08 10:41:02 (434 KB/s) - ‘LMPK12110743.mol’ saved [4036]

--2015-12-08 10:41:17--  http://www.lipidmaps.org/data/LMSDRecord.php?Mode=File&LMID=LMPK12110201
Resolving wel-cache (wel-cache)... 130.123.108.22
Connecting to wel-cache (wel-cache)|130.123.108.22|:8080... connected.
Proxy request sent, awaiting response... 200 OK
Length: unspecified [text/html]
Saving to: ‘LMPK12110201.mol’

     0K ..                                                      861K=0.003s

2015-12-08 10:41:18 (861 KB/s) - ‘LMPK12110201.mol’ saved [3002]

--2015-12-08 10:41:33--  http://www.lipidmaps.org/data/LMSDRecord.php?Mode=File&LMID=LMGL03016548
Resolving wel-cache (wel-cache)... 130.123.108.22
Connecting to wel-cache (wel-cache)|130.123.108.22|:8080... connected.
Proxy request sent, awaiting response... 200 OK
Length: unspecified [text/html]
Saving to: ‘LMGL03016548.mol’

     0K ......                                                  483K=0.01s

2015-12-08 10:41:33 (483 KB/s) - ‘LMGL03016548.mol’ saved [6748]

--2015-12-08 10:41:48--  http://www.lipidmaps.org/data/LMSDRecord.php?Mode=File&LMID=LMFA07011026
Resolving wel-cache (wel-cache)... 130.123.108.22
Connecting to wel-cache (wel-cache)|130.123.108.22|:8080... connected.
Proxy request sent, awaiting response... 200 OK
Length: unspecified [text/html]
Saving to: ‘LMFA07011026.mol’

     0K .                                                       562K=0.002s

2015-12-08 10:41:49 (562 KB/s) - ‘LMFA07011026.mol’ saved [1166]

--2015-12-08 10:42:04--  http://www.lipidmaps.org/data/LMSDRecord.php?Mode=File&LMID=LMST01010049
Resolving wel-cache (wel-cache)... 130.123.108.22
Connecting to wel-cache (wel-cache)|130.123.108.22|:8080... connected.
Proxy request sent, awaiting response... 200 OK
Length: unspecified [text/html]
Saving to: ‘LMST01010049.mol’

     0K ...                                                     944K=0.003s

2015-12-08 10:42:04 (944 KB/s) - ‘LMST01010049.mol’ saved [3278]

--2015-12-08 10:42:19--  http://www.lipidmaps.org/data/LMSDRecord.php?Mode=File&LMID=LMGP01050126
Resolving wel-cache (wel-cache)... 130.123.108.22
Connecting to wel-cache (wel-cache)|130.123.108.22|:8080... connected.
Proxy request sent, awaiting response... 200 OK
Length: unspecified [text/html]
Saving to: ‘LMGP01050126.mol’

     0K ...                                                     898K=0.004s

2015-12-08 10:42:20 (898 KB/s) - ‘LMGP01050126.mol’ saved [3370]

--2015-12-08 10:42:35--  http://www.lipidmaps.org/data/LMSDRecord.php?Mode=File&LMID=LMFA01030776
Resolving wel-cache (wel-cache)... 130.123.108.22
Connecting to wel-cache (wel-cache)|130.123.108.22|:8080... connected.
Proxy request sent, awaiting response... 200 OK
Length: unspecified [text/html]
Saving to: ‘LMFA01030776.mol’

     0K .                                                       863K=0.002s

2015-12-08 10:42:35 (863 KB/s) - ‘LMFA01030776.mol’ saved [1994]

--2015-12-08 10:42:50--  http://www.lipidmaps.org/data/LMSDRecord.php?Mode=File&LMID=LMGL03013335
Resolving wel-cache (wel-cache)... 130.123.108.22
Connecting to wel-cache (wel-cache)|130.123.108.22|:8080... connected.
Proxy request sent, awaiting response... 200 OK
Length: unspecified [text/html]
Saving to: ‘LMGL03013335.mol’

     0K .....                                                   407K=0.01s

2015-12-08 10:42:50 (407 KB/s) - ‘LMGL03013335.mol’ saved [5460]

--2015-12-08 10:43:05--  http://www.lipidmaps.org/data/LMSDRecord.php?Mode=File&LMID=LMPK12113075
Resolving wel-cache (wel-cache)... 130.123.108.22
Connecting to wel-cache (wel-cache)|130.123.108.22|:8080... connected.
Proxy request sent, awaiting response... 200 OK
Length: unspecified [text/html]
Saving to: ‘LMPK12113075.mol’

     0K ..                                                      664K=0.004s

2015-12-08 10:43:06 (664 KB/s) - ‘LMPK12113075.mol’ saved [2520]

--2015-12-08 10:43:21--  http://www.lipidmaps.org/data/LMSDRecord.php?Mode=File&LMID=LMFA03080018
Resolving wel-cache (wel-cache)... 130.123.108.22
Connecting to wel-cache (wel-cache)|130.123.108.22|:8080... connected.
Proxy request sent, awaiting response... 200 OK
Length: unspecified [text/html]
Saving to: ‘LMFA03080018.mol’

     0K ..                                                      733K=0.003s

2015-12-08 10:43:21 (733 KB/s) - ‘LMFA03080018.mol’ saved [2200]

--2015-12-08 10:43:36--  http://www.lipidmaps.org/data/LMSDRecord.php?Mode=File&LMID=LMGL03013645
Resolving wel-cache (wel-cache)... 130.123.108.22
Connecting to wel-cache (wel-cache)|130.123.108.22|:8080... connected.
Proxy request sent, awaiting response... 200 OK
Length: unspecified [text/html]
Saving to: ‘LMGL03013645.mol’

     0K .....                                                   429K=0.01s

2015-12-08 10:43:37 (429 KB/s) - ‘LMGL03013645.mol’ saved [6104]

--2015-12-08 10:43:52--  http://www.lipidmaps.org/data/LMSDRecord.php?Mode=File&LMID=LMGL03015402
Resolving wel-cache (wel-cache)... 130.123.108.22
Connecting to wel-cache (wel-cache)|130.123.108.22|:8080... connected.
Proxy request sent, awaiting response... 200 OK
Length: unspecified [text/html]
Saving to: ‘LMGL03015402.mol’

     0K .....                                                   427K=0.01s

2015-12-08 10:43:52 (427 KB/s) - ‘LMGL03015402.mol’ saved [5920]

--2015-12-08 10:44:07--  http://www.lipidmaps.org/data/LMSDRecord.php?Mode=File&LMID=LMGL03011956
Resolving wel-cache (wel-cache)... 130.123.108.22
Connecting to wel-cache (wel-cache)|130.123.108.22|:8080... connected.
Proxy request sent, awaiting response... 200 OK
Length: unspecified [text/html]
Saving to: ‘LMGL03011956.mol’

     0K ......                                                  469K=0.01s

2015-12-08 10:44:08 (469 KB/s) - ‘LMGL03011956.mol’ saved [6594]

--2015-12-08 10:44:23--  http://www.lipidmaps.org/data/LMSDRecord.php?Mode=File&LMID=LMSL03000293
Resolving wel-cache (wel-cache)... 130.123.108.22
Connecting to wel-cache (wel-cache)|130.123.108.22|:8080... connected.
Proxy request sent, awaiting response... 200 OK
Length: unspecified [text/html]
Saving to: ‘LMSL03000293.mol’

     0K .......... ...                                          368K=0.04s

2015-12-08 10:44:23 (368 KB/s) - ‘LMSL03000293.mol’ saved [14152]

--2015-12-08 10:44:38--  http://www.lipidmaps.org/data/LMSDRecord.php?Mode=File&LMID=LMFA11000148
Resolving wel-cache (wel-cache)... 130.123.108.22
Connecting to wel-cache (wel-cache)|130.123.108.22|:8080... connected.
Proxy request sent, awaiting response... 200 OK
Length: unspecified [text/html]
Saving to: ‘LMFA11000148.mol’

     0K ..                                                      805K=0.003s

2015-12-08 10:44:38 (805 KB/s) - ‘LMFA11000148.mol’ saved [2362]

--2015-12-08 10:44:53--  http://www.lipidmaps.org/data/LMSDRecord.php?Mode=File&LMID=LMGP04010189
Resolving wel-cache (wel-cache)... 130.123.108.22
Connecting to wel-cache (wel-cache)|130.123.108.22|:8080... connected.
Proxy request sent, awaiting response... 200 OK
Length: unspecified [text/html]
Saving to: ‘LMGP04010189.mol’

     0K .....                                                   572K=0.009s

2015-12-08 10:44:54 (572 KB/s) - ‘LMGP04010189.mol’ saved [5276]

--2015-12-08 10:45:09--  http://www.lipidmaps.org/data/LMSDRecord.php?Mode=File&LMID=LMST01040250
Resolving wel-cache (wel-cache)... 130.123.108.22
Connecting to wel-cache (wel-cache)|130.123.108.22|:8080... connected.
Proxy request sent, awaiting response... 200 OK
Length: unspecified [text/html]
Saving to: ‘LMST01040250.mol’

     0K ...                                                     925K=0.003s

2015-12-08 10:45:09 (925 KB/s) - ‘LMST01040250.mol’ saved [3277]

